GROUP,PACKAGE,CLASS,INSTRUCTION_MISSED,INSTRUCTION_COVERED,BRANCH_MISSED,BRANCH_COVERED,LINE_MISSED,LINE_COVERED,COMPLEXITY_MISSED,COMPLEXITY_COVERED,METHOD_MISSED,METHOD_COVERED
Mediscreen_practionner_notes,com.mediscreen.config,SwaggerConfig,0,15,0,0,0,6,0,2,0,2
Mediscreen_practionner_notes,com.mediscreen.controllers,NoteController,0,32,0,0,0,9,0,6,0,6
Mediscreen_practionner_notes,com.mediscreen,MediscreenPractionnerNotesApplication,5,3,0,0,2,1,1,1,1,1
Mediscreen_practionner_notes,com.mediscreen.entities,Note,0,24,0,0,0,10,0,7,0,7
Mediscreen_practionner_notes,com.mediscreen.services,NoteServiceImpl,14,37,0,0,3,12,2,5,2,5
